<?xml version="1.0" encoding="UTF-8"?>
<testsuite xmlns:xsi="http://www.w3.org/2001/XMLSchema-instance" xsi:noNamespaceSchemaLocation="https://maven.apache.org/surefire/maven-failsafe-plugin/xsd/failsafe-test-report-3.0.xsd" version="3.0" name="edu.unisabana.proyecto.system.BookControllerIT" time="2.785" tests="6" errors="0" skipped="0" failures="0">
  <properties>
[...]
</properties>
  <testcase name="shouldReturn400WhenTitleIsNull" classname="edu.unisabana.proyecto.system.BookControllerIT" time="0.557">
    <system-out><![CDATA[12:00:47.357 [main] DEBUG org.springframework.test.context.junit4.SpringJUnit4ClassRunner - SpringJUnit4ClassRunner constructor called with [class edu.unisabana.proyecto.system.BookControllerIT]
12:00:47.368 [main] DEBUG org.springframework.test.context.BootstrapUtils - Instantiating CacheAwareContextLoaderDelegate from class [org.springframework.test.context.cache.DefaultCacheAwareContextLoaderDelegate]
12:00:47.378 [main] DEBUG org.springframework.test.context.BootstrapUtils - Instantiating BootstrapContext using constructor [public org.springframework.test.context.support.DefaultBootstrapContext(java.lang.Class,org.springframework.test.context.CacheAwareContextLoaderDelegate)]
12:00:47.438 [main] DEBUG org.springframework.test.context.BootstrapUtils - Instantiating TestContextBootstrapper for test class [edu.unisabana.proyecto.system.BookControllerIT] from class [org.springframework.boot.test.context.SpringBootTestContextBootstrapper]
12:00:47.455 [main] INFO org.springframework.boot.test.context.SpringBootTestContextBootstrapper - Neither @ContextConfiguration nor @ContextHierarchy found for test class [edu.unisabana.proyecto.system.BookControllerIT], using SpringBootContextLoader
12:00:47.460 [main] DEBUG org.springframework.test.context.support.AbstractContextLoader - Did not detect default resource location for test class [edu.unisabana.proyecto.system.BookControllerIT]: class path resource [edu/unisabana/proyecto/system/BookControllerIT-context.xml] does not exist
12:00:47.460 [main] DEBUG org.springframework.test.context.support.AbstractContextLoader - Did not detect default resource location for test class [edu.unisabana.proyecto.system.BookControllerIT]: class path resource [edu/unisabana/proyecto/system/BookControllerITContext.groovy] does not exist
12:00:47.460 [main] INFO org.springframework.test.context.support.AbstractContextLoader - Could not detect default resource locations for test class [edu.unisabana.proyecto.system.BookControllerIT]: no resource found for suffixes {-context.xml, Context.groovy}.
12:00:47.461 [main] INFO org.springframework.test.context.support.AnnotationConfigContextLoaderUtils - Could not detect default configuration classes for test class [edu.unisabana.proyecto.system.BookControllerIT]: BookControllerIT does not declare any static, non-private, non-final, nested classes annotated with @Configuration.
12:00:47.519 [main] DEBUG org.springframework.test.context.support.ActiveProfilesUtils - Could not find an 'annotation declaring class' for annotation type [org.springframework.test.context.ActiveProfiles] and class [edu.unisabana.proyecto.system.BookControllerIT]
12:00:47.575 [main] DEBUG org.springframework.context.annotation.ClassPathScanningCandidateComponentProvider - Identified candidate component class: file [C:\Users\Usuario\Documents\Maestria\testing\TYVS-Proyecto_Pruebas_Integracion\target\classes\edu\unisabana\proyecto\ProyectoApplication.class]
12:00:47.577 [main] INFO org.springframework.boot.test.context.SpringBootTestContextBootstrapper - Found @SpringBootConfiguration edu.unisabana.proyecto.ProyectoApplication for test class edu.unisabana.proyecto.system.BookControllerIT
12:00:47.673 [main] DEBUG org.springframework.boot.test.context.SpringBootTestContextBootstrapper - @TestExecutionListeners is not present for class [edu.unisabana.proyecto.system.BookControllerIT]: using defaults.
12:00:47.673 [main] INFO org.springframework.boot.test.context.SpringBootTestContextBootstrapper - Loaded default TestExecutionListener class names from location [META-INF/spring.factories]: [org.springframework.boot.test.mock.mockito.MockitoTestExecutionListener, org.springframework.boot.test.mock.mockito.ResetMocksTestExecutionListener, org.springframework.boot.test.autoconfigure.restdocs.RestDocsTestExecutionListener, org.springframework.boot.test.autoconfigure.web.client.MockRestServiceServerResetTestExecutionListener, org.springframework.boot.test.autoconfigure.web.servlet.MockMvcPrintOnlyOnFailureTestExecutionListener, org.springframework.boot.test.autoconfigure.web.servlet.WebDriverTestExecutionListener, org.springframework.boot.test.autoconfigure.webservices.client.MockWebServiceServerTestExecutionListener, org.springframework.test.context.web.ServletTestExecutionListener, org.springframework.test.context.support.DirtiesContextBeforeModesTestExecutionListener, org.springframework.test.context.event.ApplicationEventsTestExecutionListener, org.springframework.test.context.support.DependencyInjectionTestExecutionListener, org.springframework.test.context.support.DirtiesContextTestExecutionListener, org.springframework.test.context.transaction.TransactionalTestExecutionListener, org.springframework.test.context.jdbc.SqlScriptsTestExecutionListener, org.springframework.test.context.event.EventPublishingTestExecutionListener]
12:00:47.689 [main] INFO org.springframework.boot.test.context.SpringBootTestContextBootstrapper - Using TestExecutionListeners: [org.springframework.test.context.web.ServletTestExecutionListener@3724b43e, org.springframework.test.context.support.DirtiesContextBeforeModesTestExecutionListener@77eb5790, org.springframework.test.context.event.ApplicationEventsTestExecutionListener@68e7c8c3, org.springframework.boot.test.mock.mockito.MockitoTestExecutionListener@319c3a25, org.springframework.boot.test.autoconfigure.SpringBootDependencyInjectionTestExecutionListener@238bfd6c, org.springframework.test.context.support.DirtiesContextTestExecutionListener@ef1695a, org.springframework.test.context.transaction.TransactionalTestExecutionListener@58860997, org.springframework.test.context.jdbc.SqlScriptsTestExecutionListener@81b5db0, org.springframework.test.context.event.EventPublishingTestExecutionListener@7487b142, org.springframework.boot.test.mock.mockito.ResetMocksTestExecutionListener@7139bd31, org.springframework.boot.test.autoconfigure.restdocs.RestDocsTestExecutionListener@199bc830, org.springframework.boot.test.autoconfigure.web.client.MockRestServiceServerResetTestExecutionListener@4b3fe06e, org.springframework.boot.test.autoconfigure.web.servlet.MockMvcPrintOnlyOnFailureTestExecutionListener@27b45ea, org.springframework.boot.test.autoconfigure.web.servlet.WebDriverTestExecutionListener@3e17a0a1, org.springframework.boot.test.autoconfigure.webservices.client.MockWebServiceServerTestExecutionListener@790a251b]
12:00:47.691 [main] DEBUG org.springframework.test.annotation.ProfileValueUtils - Retrieved @ProfileValueSourceConfiguration [null] for test class [edu.unisabana.proyecto.system.BookControllerIT]
12:00:47.691 [main] DEBUG org.springframework.test.annotation.ProfileValueUtils - Retrieved ProfileValueSource type [class org.springframework.test.annotation.SystemProfileValueSource] for class [edu.unisabana.proyecto.system.BookControllerIT]
12:00:47.692 [main] DEBUG org.springframework.test.annotation.ProfileValueUtils - Retrieved @ProfileValueSourceConfiguration [null] for test class [edu.unisabana.proyecto.system.BookControllerIT]
12:00:47.692 [main] DEBUG org.springframework.test.annotation.ProfileValueUtils - Retrieved ProfileValueSource type [class org.springframework.test.annotation.SystemProfileValueSource] for class [edu.unisabana.proyecto.system.BookControllerIT]
12:00:47.695 [main] DEBUG org.springframework.test.annotation.ProfileValueUtils - Retrieved @ProfileValueSourceConfiguration [null] for test class [edu.unisabana.proyecto.system.BookControllerIT]
12:00:47.695 [main] DEBUG org.springframework.test.annotation.ProfileValueUtils - Retrieved ProfileValueSource type [class org.springframework.test.annotation.SystemProfileValueSource] for class [edu.unisabana.proyecto.system.BookControllerIT]
12:00:47.722 [main] DEBUG org.springframework.test.context.junit4.SpringJUnit4ClassRunner - SpringJUnit4ClassRunner constructor called with [class edu.unisabana.proyecto.system.OrderControllerIT]
12:00:47.723 [main] DEBUG org.springframework.test.context.BootstrapUtils - Instantiating CacheAwareContextLoaderDelegate from class [org.springframework.test.context.cache.DefaultCacheAwareContextLoaderDelegate]
12:00:47.723 [main] DEBUG org.springframework.test.context.BootstrapUtils - Instantiating BootstrapContext using constructor [public org.springframework.test.context.support.DefaultBootstrapContext(java.lang.Class,org.springframework.test.context.CacheAwareContextLoaderDelegate)]
12:00:47.723 [main] DEBUG org.springframework.test.context.BootstrapUtils - Instantiating TestContextBootstrapper for test class [edu.unisabana.proyecto.system.OrderControllerIT] from class [org.springframework.boot.test.context.SpringBootTestContextBootstrapper]
12:00:47.723 [main] INFO org.springframework.boot.test.context.SpringBootTestContextBootstrapper - Neither @ContextConfiguration nor @ContextHierarchy found for test class [edu.unisabana.proyecto.system.OrderControllerIT], using SpringBootContextLoader
12:00:47.724 [main] DEBUG org.springframework.test.context.support.AbstractContextLoader - Did not detect default resource location for test class [edu.unisabana.proyecto.system.OrderControllerIT]: class path resource [edu/unisabana/proyecto/system/OrderControllerIT-context.xml] does not exist
12:00:47.724 [main] DEBUG org.springframework.test.context.support.AbstractContextLoader - Did not detect default resource location for test class [edu.unisabana.proyecto.system.OrderControllerIT]: class path resource [edu/unisabana/proyecto/system/OrderControllerITContext.groovy] does not exist
12:00:47.724 [main] INFO org.springframework.test.context.support.AbstractContextLoader - Could not detect default resource locations for test class [edu.unisabana.proyecto.system.OrderControllerIT]: no resource found for suffixes {-context.xml, Context.groovy}.
12:00:47.724 [main] INFO org.springframework.test.context.support.AnnotationConfigContextLoaderUtils - Could not detect default configuration classes for test class [edu.unisabana.proyecto.system.OrderControllerIT]: OrderControllerIT does not declare any static, non-private, non-final, nested classes annotated with @Configuration.
12:00:47.728 [main] DEBUG org.springframework.test.context.support.ActiveProfilesUtils - Could not find an 'annotation declaring class' for annotation type [org.springframework.test.context.ActiveProfiles] and class [edu.unisabana.proyecto.system.OrderControllerIT]
12:00:47.728 [main] INFO org.springframework.boot.test.context.SpringBootTestContextBootstrapper - Found @SpringBootConfiguration edu.unisabana.proyecto.ProyectoApplication for test class edu.unisabana.proyecto.system.OrderControllerIT
12:00:47.729 [main] DEBUG org.springframework.boot.test.context.SpringBootTestContextBootstrapper - @TestExecutionListeners is not present for class [edu.unisabana.proyecto.system.OrderControllerIT]: using defaults.
12:00:47.729 [main] INFO org.springframework.boot.test.context.SpringBootTestContextBootstrapper - Loaded default TestExecutionListener class names from location [META-INF/spring.factories]: [org.springframework.boot.test.mock.mockito.MockitoTestExecutionListener, org.springframework.boot.test.mock.mockito.ResetMocksTestExecutionListener, org.springframework.boot.test.autoconfigure.restdocs.RestDocsTestExecutionListener, org.springframework.boot.test.autoconfigure.web.client.MockRestServiceServerResetTestExecutionListener, org.springframework.boot.test.autoconfigure.web.servlet.MockMvcPrintOnlyOnFailureTestExecutionListener, org.springframework.boot.test.autoconfigure.web.servlet.WebDriverTestExecutionListener, org.springframework.boot.test.autoconfigure.webservices.client.MockWebServiceServerTestExecutionListener, org.springframework.test.context.web.ServletTestExecutionListener, org.springframework.test.context.support.DirtiesContextBeforeModesTestExecutionListener, org.springframework.test.context.event.ApplicationEventsTestExecutionListener, org.springframework.test.context.support.DependencyInjectionTestExecutionListener, org.springframework.test.context.support.DirtiesContextTestExecutionListener, org.springframework.test.context.transaction.TransactionalTestExecutionListener, org.springframework.test.context.jdbc.SqlScriptsTestExecutionListener, org.springframework.test.context.event.EventPublishingTestExecutionListener]
12:00:47.729 [main] INFO org.springframework.boot.test.context.SpringBootTestContextBootstrapper - Using TestExecutionListeners: [org.springframework.test.context.web.ServletTestExecutionListener@6b52dd31, org.springframework.test.context.support.DirtiesContextBeforeModesTestExecutionListener@1a2909ae, org.springframework.test.context.event.ApplicationEventsTestExecutionListener@e042c99, org.springframework.boot.test.mock.mockito.MockitoTestExecutionListener@3f702946, org.springframework.boot.test.autoconfigure.SpringBootDependencyInjectionTestExecutionListener@42b6d0cc, org.springframework.test.context.support.DirtiesContextTestExecutionListener@1000d54d, org.springframework.test.context.transaction.TransactionalTestExecutionListener@3f4f5330, org.springframework.test.context.jdbc.SqlScriptsTestExecutionListener@14b7786, org.springframework.test.context.event.EventPublishingTestExecutionListener@750ff7d3, org.springframework.boot.test.mock.mockito.ResetMocksTestExecutionListener@63b3ee82, org.springframework.boot.test.autoconfigure.restdocs.RestDocsTestExecutionListener@2620e717, org.springframework.boot.test.autoconfigure.web.client.MockRestServiceServerResetTestExecutionListener@7c8d5312, org.springframework.boot.test.autoconfigure.web.servlet.MockMvcPrintOnlyOnFailureTestExecutionListener@7636823f, org.springframework.boot.test.autoconfigure.web.servlet.WebDriverTestExecutionListener@a0db585, org.springframework.boot.test.autoconfigure.webservices.client.MockWebServiceServerTestExecutionListener@2b34e38c]
12:00:47.730 [main] DEBUG org.springframework.test.annotation.ProfileValueUtils - Retrieved @ProfileValueSourceConfiguration [null] for test class [edu.unisabana.proyecto.system.OrderControllerIT]
12:00:47.730 [main] DEBUG org.springframework.test.annotation.ProfileValueUtils - Retrieved ProfileValueSource type [class org.springframework.test.annotation.SystemProfileValueSource] for class [edu.unisabana.proyecto.system.OrderControllerIT]
12:00:47.730 [main] DEBUG org.springframework.test.annotation.ProfileValueUtils - Retrieved @ProfileValueSourceConfiguration [null] for test class [edu.unisabana.proyecto.system.OrderControllerIT]
12:00:47.730 [main] DEBUG org.springframework.test.annotation.ProfileValueUtils - Retrieved ProfileValueSource type [class org.springframework.test.annotation.SystemProfileValueSource] for class [edu.unisabana.proyecto.system.OrderControllerIT]
12:00:47.730 [main] DEBUG org.springframework.test.annotation.ProfileValueUtils - Retrieved @ProfileValueSourceConfiguration [null] for test class [edu.unisabana.proyecto.system.OrderControllerIT]
12:00:47.730 [main] DEBUG org.springframework.test.annotation.ProfileValueUtils - Retrieved ProfileValueSource type [class org.springframework.test.annotation.SystemProfileValueSource] for class [edu.unisabana.proyecto.system.OrderControllerIT]
12:00:47.735 [main] DEBUG org.springframework.test.context.junit4.SpringJUnit4ClassRunner - SpringJUnit4ClassRunner constructor called with [class edu.unisabana.proyecto.system.BookControllerIT]
12:00:47.735 [main] DEBUG org.springframework.test.context.BootstrapUtils - Instantiating CacheAwareContextLoaderDelegate from class [org.springframework.test.context.cache.DefaultCacheAwareContextLoaderDelegate]
12:00:47.735 [main] DEBUG org.springframework.test.context.BootstrapUtils - Instantiating BootstrapContext using constructor [public org.springframework.test.context.support.DefaultBootstrapContext(java.lang.Class,org.springframework.test.context.CacheAwareContextLoaderDelegate)]
12:00:47.735 [main] DEBUG org.springframework.test.context.BootstrapUtils - Instantiating TestContextBootstrapper for test class [edu.unisabana.proyecto.system.BookControllerIT] from class [org.springframework.boot.test.context.SpringBootTestContextBootstrapper]
12:00:47.736 [main] INFO org.springframework.boot.test.context.SpringBootTestContextBootstrapper - Neither @ContextConfiguration nor @ContextHierarchy found for test class [edu.unisabana.proyecto.system.BookControllerIT], using SpringBootContextLoader
12:00:47.736 [main] DEBUG org.springframework.test.context.support.AbstractContextLoader - Did not detect default resource location for test class [edu.unisabana.proyecto.system.BookControllerIT]: class path resource [edu/unisabana/proyecto/system/BookControllerIT-context.xml] does not exist
12:00:47.736 [main] DEBUG org.springframework.test.context.support.AbstractContextLoader - Did not detect default resource location for test class [edu.unisabana.proyecto.system.BookControllerIT]: class path resource [edu/unisabana/proyecto/system/BookControllerITContext.groovy] does not exist
12:00:47.736 [main] INFO org.springframework.test.context.support.AbstractContextLoader - Could not detect default resource locations for test class [edu.unisabana.proyecto.system.BookControllerIT]: no resource found for suffixes {-context.xml, Context.groovy}.
12:00:47.736 [main] INFO org.springframework.test.context.support.AnnotationConfigContextLoaderUtils - Could not detect default configuration classes for test class [edu.unisabana.proyecto.system.BookControllerIT]: BookControllerIT does not declare any static, non-private, non-final, nested classes annotated with @Configuration.
12:00:47.739 [main] DEBUG org.springframework.test.context.support.ActiveProfilesUtils - Could not find an 'annotation declaring class' for annotation type [org.springframework.test.context.ActiveProfiles] and class [edu.unisabana.proyecto.system.BookControllerIT]
12:00:47.740 [main] INFO org.springframework.boot.test.context.SpringBootTestContextBootstrapper - Found @SpringBootConfiguration edu.unisabana.proyecto.ProyectoApplication for test class edu.unisabana.proyecto.system.BookControllerIT
12:00:47.741 [main] DEBUG org.springframework.boot.test.context.SpringBootTestContextBootstrapper - @TestExecutionListeners is not present for class [edu.unisabana.proyecto.system.BookControllerIT]: using defaults.
12:00:47.741 [main] INFO org.springframework.boot.test.context.SpringBootTestContextBootstrapper - Loaded default TestExecutionListener class names from location [META-INF/spring.factories]: [org.springframework.boot.test.mock.mockito.MockitoTestExecutionListener, org.springframework.boot.test.mock.mockito.ResetMocksTestExecutionListener, org.springframework.boot.test.autoconfigure.restdocs.RestDocsTestExecutionListener, org.springframework.boot.test.autoconfigure.web.client.MockRestServiceServerResetTestExecutionListener, org.springframework.boot.test.autoconfigure.web.servlet.MockMvcPrintOnlyOnFailureTestExecutionListener, org.springframework.boot.test.autoconfigure.web.servlet.WebDriverTestExecutionListener, org.springframework.boot.test.autoconfigure.webservices.client.MockWebServiceServerTestExecutionListener, org.springframework.test.context.web.ServletTestExecutionListener, org.springframework.test.context.support.DirtiesContextBeforeModesTestExecutionListener, org.springframework.test.context.event.ApplicationEventsTestExecutionListener, org.springframework.test.context.support.DependencyInjectionTestExecutionListener, org.springframework.test.context.support.DirtiesContextTestExecutionListener, org.springframework.test.context.transaction.TransactionalTestExecutionListener, org.springframework.test.context.jdbc.SqlScriptsTestExecutionListener, org.springframework.test.context.event.EventPublishingTestExecutionListener]
12:00:47.741 [main] INFO org.springframework.boot.test.context.SpringBootTestContextBootstrapper - Using TestExecutionListeners: [org.springframework.test.context.web.ServletTestExecutionListener@5f7da3d3, org.springframework.test.context.support.DirtiesContextBeforeModesTestExecutionListener@103082dd, org.springframework.test.context.event.ApplicationEventsTestExecutionListener@3a22bad6, org.springframework.boot.test.mock.mockito.MockitoTestExecutionListener@56afdf9a, org.springframework.boot.test.autoconfigure.SpringBootDependencyInjectionTestExecutionListener@64fe9da7, org.springframework.test.context.support.DirtiesContextTestExecutionListener@70cccd8f, org.springframework.test.context.transaction.TransactionalTestExecutionListener@5f172d4a, org.springframework.test.context.jdbc.SqlScriptsTestExecutionListener@77ec6a3d, org.springframework.test.context.event.EventPublishingTestExecutionListener@67efd2c2, org.springframework.boot.test.mock.mockito.ResetMocksTestExecutionListener@71d9cb05, org.springframework.boot.test.autoconfigure.restdocs.RestDocsTestExecutionListener@17c2d509, org.springframework.boot.test.autoconfigure.web.client.MockRestServiceServerResetTestExecutionListener@36bf84e, org.springframework.boot.test.autoconfigure.web.servlet.MockMvcPrintOnlyOnFailureTestExecutionListener@1a0b5323, org.springframework.boot.test.autoconfigure.web.servlet.WebDriverTestExecutionListener@25b52284, org.springframework.boot.test.autoconfigure.webservices.client.MockWebServiceServerTestExecutionListener@245ec1a6]
12:00:47.741 [main] DEBUG org.springframework.test.annotation.ProfileValueUtils - Retrieved @ProfileValueSourceConfiguration [null] for test class [edu.unisabana.proyecto.system.BookControllerIT]
12:00:47.741 [main] DEBUG org.springframework.test.annotation.ProfileValueUtils - Retrieved ProfileValueSource type [class org.springframework.test.annotation.SystemProfileValueSource] for class [edu.unisabana.proyecto.system.BookControllerIT]
12:00:47.741 [main] DEBUG org.springframework.test.annotation.ProfileValueUtils - Retrieved @ProfileValueSourceConfiguration [null] for test class [edu.unisabana.proyecto.system.BookControllerIT]
12:00:47.741 [main] DEBUG org.springframework.test.annotation.ProfileValueUtils - Retrieved ProfileValueSource type [class org.springframework.test.annotation.SystemProfileValueSource] for class [edu.unisabana.proyecto.system.BookControllerIT]
12:00:47.742 [main] DEBUG org.springframework.test.annotation.ProfileValueUtils - Retrieved @ProfileValueSourceConfiguration [null] for test class [edu.unisabana.proyecto.system.BookControllerIT]
12:00:47.742 [main] DEBUG org.springframework.test.annotation.ProfileValueUtils - Retrieved ProfileValueSource type [class org.springframework.test.annotation.SystemProfileValueSource] for class [edu.unisabana.proyecto.system.BookControllerIT]
12:00:47.742 [main] DEBUG org.springframework.test.context.junit4.SpringJUnit4ClassRunner - SpringJUnit4ClassRunner constructor called with [class edu.unisabana.proyecto.system.OrderControllerIT]
12:00:47.742 [main] DEBUG org.springframework.test.context.BootstrapUtils - Instantiating CacheAwareContextLoaderDelegate from class [org.springframework.test.context.cache.DefaultCacheAwareContextLoaderDelegate]
12:00:47.742 [main] DEBUG org.springframework.test.context.BootstrapUtils - Instantiating BootstrapContext using constructor [public org.springframework.test.context.support.DefaultBootstrapContext(java.lang.Class,org.springframework.test.context.CacheAwareContextLoaderDelegate)]
12:00:47.742 [main] DEBUG org.springframework.test.context.BootstrapUtils - Instantiating TestContextBootstrapper for test class [edu.unisabana.proyecto.system.OrderControllerIT] from class [org.springframework.boot.test.context.SpringBootTestContextBootstrapper]
12:00:47.743 [main] INFO org.springframework.boot.test.context.SpringBootTestContextBootstrapper - Neither @ContextConfiguration nor @ContextHierarchy found for test class [edu.unisabana.proyecto.system.OrderControllerIT], using SpringBootContextLoader
12:00:47.743 [main] DEBUG org.springframework.test.context.support.AbstractContextLoader - Did not detect default resource location for test class [edu.unisabana.proyecto.system.OrderControllerIT]: class path resource [edu/unisabana/proyecto/system/OrderControllerIT-context.xml] does not exist
12:00:47.743 [main] DEBUG org.springframework.test.context.support.AbstractContextLoader - Did not detect default resource location for test class [edu.unisabana.proyecto.system.OrderControllerIT]: class path resource [edu/unisabana/proyecto/system/OrderControllerITContext.groovy] does not exist
12:00:47.743 [main] INFO org.springframework.test.context.support.AbstractContextLoader - Could not detect default resource locations for test class [edu.unisabana.proyecto.system.OrderControllerIT]: no resource found for suffixes {-context.xml, Context.groovy}.
12:00:47.743 [main] INFO org.springframework.test.context.support.AnnotationConfigContextLoaderUtils - Could not detect default configuration classes for test class [edu.unisabana.proyecto.system.OrderControllerIT]: OrderControllerIT does not declare any static, non-private, non-final, nested classes annotated with @Configuration.
12:00:47.745 [main] DEBUG org.springframework.test.context.support.ActiveProfilesUtils - Could not find an 'annotation declaring class' for annotation type [org.springframework.test.context.ActiveProfiles] and class [edu.unisabana.proyecto.system.OrderControllerIT]
12:00:47.745 [main] INFO org.springframework.boot.test.context.SpringBootTestContextBootstrapper - Found @SpringBootConfiguration edu.unisabana.proyecto.ProyectoApplication for test class edu.unisabana.proyecto.system.OrderControllerIT
12:00:47.747 [main] DEBUG org.springframework.boot.test.context.SpringBootTestContextBootstrapper - @TestExecutionListeners is not present for class [edu.unisabana.proyecto.system.OrderControllerIT]: using defaults.
12:00:47.747 [main] INFO org.springframework.boot.test.context.SpringBootTestContextBootstrapper - Loaded default TestExecutionListener class names from location [META-INF/spring.factories]: [org.springframework.boot.test.mock.mockito.MockitoTestExecutionListener, org.springframework.boot.test.mock.mockito.ResetMocksTestExecutionListener, org.springframework.boot.test.autoconfigure.restdocs.RestDocsTestExecutionListener, org.springframework.boot.test.autoconfigure.web.client.MockRestServiceServerResetTestExecutionListener, org.springframework.boot.test.autoconfigure.web.servlet.MockMvcPrintOnlyOnFailureTestExecutionListener, org.springframework.boot.test.autoconfigure.web.servlet.WebDriverTestExecutionListener, org.springframework.boot.test.autoconfigure.webservices.client.MockWebServiceServerTestExecutionListener, org.springframework.test.context.web.ServletTestExecutionListener, org.springframework.test.context.support.DirtiesContextBeforeModesTestExecutionListener, org.springframework.test.context.event.ApplicationEventsTestExecutionListener, org.springframework.test.context.support.DependencyInjectionTestExecutionListener, org.springframework.test.context.support.DirtiesContextTestExecutionListener, org.springframework.test.context.transaction.TransactionalTestExecutionListener, org.springframework.test.context.jdbc.SqlScriptsTestExecutionListener, org.springframework.test.context.event.EventPublishingTestExecutionListener]
12:00:47.747 [main] INFO org.springframework.boot.test.context.SpringBootTestContextBootstrapper - Using TestExecutionListeners: [org.springframework.test.context.web.ServletTestExecutionListener@6a0094c9, org.springframework.test.context.support.DirtiesContextBeforeModesTestExecutionListener@51a6cc2a, org.springframework.test.context.event.ApplicationEventsTestExecutionListener@10fda3d0, org.springframework.boot.test.mock.mockito.MockitoTestExecutionListener@2123064f, org.springframework.boot.test.autoconfigure.SpringBootDependencyInjectionTestExecutionListener@4f6b687e, org.springframework.test.context.support.DirtiesContextTestExecutionListener@28cb3a25, org.springframework.test.context.transaction.TransactionalTestExecutionListener@5555ffcf, org.springframework.test.context.jdbc.SqlScriptsTestExecutionListener@6cfd9a54, org.springframework.test.context.event.EventPublishingTestExecutionListener@78c1372d, org.springframework.boot.test.mock.mockito.ResetMocksTestExecutionListener@9aa2002, org.springframework.boot.test.autoconfigure.restdocs.RestDocsTestExecutionListener@73fb1d7f, org.springframework.boot.test.autoconfigure.web.client.MockRestServiceServerResetTestExecutionListener@73d4066e, org.springframework.boot.test.autoconfigure.web.servlet.MockMvcPrintOnlyOnFailureTestExecutionListener@25d2f66, org.springframework.boot.test.autoconfigure.web.servlet.WebDriverTestExecutionListener@5a2fa51f, org.springframework.boot.test.autoconfigure.webservices.client.MockWebServiceServerTestExecutionListener@71945bc0]
12:00:47.747 [main] DEBUG org.springframework.test.annotation.ProfileValueUtils - Retrieved @ProfileValueSourceConfiguration [null] for test class [edu.unisabana.proyecto.system.OrderControllerIT]
12:00:47.748 [main] DEBUG org.springframework.test.annotation.ProfileValueUtils - Retrieved ProfileValueSource type [class org.springframework.test.annotation.SystemProfileValueSource] for class [edu.unisabana.proyecto.system.OrderControllerIT]
12:00:47.748 [main] DEBUG org.springframework.test.annotation.ProfileValueUtils - Retrieved @ProfileValueSourceConfiguration [null] for test class [edu.unisabana.proyecto.system.OrderControllerIT]
12:00:47.748 [main] DEBUG org.springframework.test.annotation.ProfileValueUtils - Retrieved ProfileValueSource type [class org.springframework.test.annotation.SystemProfileValueSource] for class [edu.unisabana.proyecto.system.OrderControllerIT]
12:00:47.748 [main] DEBUG org.springframework.test.annotation.ProfileValueUtils - Retrieved @ProfileValueSourceConfiguration [null] for test class [edu.unisabana.proyecto.system.OrderControllerIT]
12:00:47.748 [main] DEBUG org.springframework.test.annotation.ProfileValueUtils - Retrieved ProfileValueSource type [class org.springframework.test.annotation.SystemProfileValueSource] for class [edu.unisabana.proyecto.system.OrderControllerIT]
12:00:47.793 [main] DEBUG org.springframework.test.annotation.ProfileValueUtils - Retrieved @ProfileValueSourceConfiguration [null] for test class [edu.unisabana.proyecto.system.BookControllerIT]
12:00:47.793 [main] DEBUG org.springframework.test.annotation.ProfileValueUtils - Retrieved ProfileValueSource type [class org.springframework.test.annotation.SystemProfileValueSource] for class [edu.unisabana.proyecto.system.BookControllerIT]
12:00:47.798 [main] DEBUG org.springframework.test.annotation.ProfileValueUtils - Retrieved @ProfileValueSourceConfiguration [null] for test class [edu.unisabana.proyecto.system.BookControllerIT]
12:00:47.798 [main] DEBUG org.springframework.test.annotation.ProfileValueUtils - Retrieved ProfileValueSource type [class org.springframework.test.annotation.SystemProfileValueSource] for class [edu.unisabana.proyecto.system.BookControllerIT]
12:00:47.799 [main] DEBUG org.springframework.test.annotation.ProfileValueUtils - Retrieved @ProfileValueSourceConfiguration [null] for test class [edu.unisabana.proyecto.system.BookControllerIT]
12:00:47.799 [main] DEBUG org.springframework.test.annotation.ProfileValueUtils - Retrieved ProfileValueSource type [class org.springframework.test.annotation.SystemProfileValueSource] for class [edu.unisabana.proyecto.system.BookControllerIT]
12:00:47.803 [main] DEBUG org.springframework.test.context.support.AbstractDirtiesContextTestExecutionListener - Before test class: context [DefaultTestContext@3a37a501 testClass = BookControllerIT, testInstance = [null], testMethod = [null], testException = [null], mergedContextConfiguration = [WebMergedContextConfiguration@7a583586 testClass = BookControllerIT, locations = '{}', classes = '{class edu.unisabana.proyecto.ProyectoApplication}', contextInitializerClasses = '[]', activeProfiles = '{}', propertySourceLocations = '{}', propertySourceProperties = '{org.springframework.boot.test.context.SpringBootTestContextBootstrapper=true}', contextCustomizers = set[[ImportsContextCustomizer@3a26ec8d key = [org.springframework.boot.test.autoconfigure.web.servlet.MockMvcWebDriverAutoConfiguration, org.springframework.boot.test.autoconfigure.web.servlet.MockMvcAutoConfiguration, org.springframework.boot.autoconfigure.security.oauth2.client.servlet.OAuth2ClientAutoConfiguration, org.springframework.boot.autoconfigure.security.servlet.SecurityAutoConfiguration, org.springframework.boot.autoconfigure.security.servlet.SecurityFilterAutoConfiguration, org.springframework.boot.autoconfigure.security.servlet.UserDetailsServiceAutoConfiguration, org.springframework.boot.autoconfigure.security.oauth2.resource.servlet.OAuth2ResourceServerAutoConfiguration, org.springframework.boot.test.autoconfigure.web.servlet.MockMvcSecurityConfiguration, org.springframework.boot.test.autoconfigure.web.servlet.MockMvcWebClientAutoConfiguration, org.springframework.boot.test.autoconfigure.web.reactive.WebTestClientAutoConfiguration]], org.springframework.boot.test.context.filter.ExcludeFilterContextCustomizer@1f2d2181, org.springframework.boot.test.json.DuplicateJsonObjectContextCustomizerFactory$DuplicateJsonObjectContextCustomizer@36b6964d, org.springframework.boot.test.mock.mockito.MockitoContextCustomizer@0, org.springframework.boot.test.web.client.TestRestTemplateContextCustomizer@4c432866, org.springframework.boot.test.autoconfigure.actuate.metrics.MetricsExportContextCustomizerFactory$DisableMetricExportContextCustomizer@5bf61e67, org.springframework.boot.test.autoconfigure.properties.PropertyMappingContextCustomizer@4b3fa0b3, org.springframework.boot.test.autoconfigure.web.servlet.WebDriverContextCustomizerFactory$Customizer@5fa47fea, org.springframework.boot.test.context.SpringBootTestArgs@1, org.springframework.boot.test.context.SpringBootTestWebEnvironment@21526f6c], resourceBasePath = 'src/main/webapp', contextLoader = 'org.springframework.boot.test.context.SpringBootContextLoader', parent = [null]], attributes = map['org.springframework.test.context.web.ServletTestExecutionListener.activateListener' -> true]], class annotated with @DirtiesContext [false] with mode [null].
12:00:47.804 [main] DEBUG org.springframework.test.annotation.ProfileValueUtils - Retrieved @ProfileValueSourceConfiguration [null] for test class [edu.unisabana.proyecto.system.BookControllerIT]
12:00:47.804 [main] DEBUG org.springframework.test.annotation.ProfileValueUtils - Retrieved ProfileValueSource type [class org.springframework.test.annotation.SystemProfileValueSource] for class [edu.unisabana.proyecto.system.BookControllerIT]

  .   ____          _            __ _ _
 /\\ / ___'_ __ _ _(_)_ __  __ _ \ \ \ \
( ( )\___ | '_ | '_| | '_ \/ _` | \ \ \ \
 \\/  ___)| |_)| | | | | || (_| |  ) ) ) )
  '  |____| .__|_| |_|_| |_\__, | / / / /
 =========|_|==============|___/=/_/_/_/
 :: Spring Boot ::               (v2.7.18)

2026-06-08 12:00:48.073  INFO 41436 --- [           main] e.u.proyecto.system.BookControllerIT     : Starting BookControllerIT using Java 17.0.12 on DESKTOP-25V4FD3 with PID 41436 (started by Usuario in C:\Users\Usuario\Documents\Maestria\testing\TYVS-Proyecto_Pruebas_Integracion)
2026-06-08 12:00:48.074  INFO 41436 --- [           main] e.u.proyecto.system.BookControllerIT     : No active profile set, falling back to 1 default profile: "default"
2026-06-08 12:00:48.846  INFO 41436 --- [           main] com.zaxxer.hikari.HikariDataSource       : HikariPool-1 - Starting...
2026-06-08 12:00:49.169  INFO 41436 --- [           main] com.zaxxer.hikari.HikariDataSource       : HikariPool-1 - Start completed.
2026-06-08 12:00:49.835  INFO 41436 --- [           main] o.s.b.t.m.w.SpringBootMockServletContext : Initializing Spring TestDispatcherServlet ''
2026-06-08 12:00:49.835  INFO 41436 --- [           main] o.s.t.web.servlet.TestDispatcherServlet  : Initializing Servlet ''
2026-06-08 12:00:49.837  INFO 41436 --- [           main] o.s.t.web.servlet.TestDispatcherServlet  : Completed initialization in 2 ms
2026-06-08 12:00:49.854  INFO 41436 --- [           main] e.u.proyecto.system.BookControllerIT     : Started BookControllerIT in 2.024 seconds (JVM running for 3.204)
]]></system-out>
  </testcase>
  <testcase name="shouldReturn400WhenBookIdAlreadyExists" classname="edu.unisabana.proyecto.system.BookControllerIT" time="0.049"/>
  <testcase name="shouldAddBookAndReturn200" classname="edu.unisabana.proyecto.system.BookControllerIT" time="0.007"/>
  <testcase name="shouldReturn404WhenBookDoesNotExist" classname="edu.unisabana.proyecto.system.BookControllerIT" time="0.016"/>
  <testcase name="shouldUpdateStockAndReturn200" classname="edu.unisabana.proyecto.system.BookControllerIT" time="0.009"/>
  <testcase name="shouldReturnBookWhenItExists" classname="edu.unisabana.proyecto.system.BookControllerIT" time="0.058"/>
</testsuite>